\BOOKMARK [0][-]{chapter.1}{\376\377\0001\000\040\000R\000E\000A\000D\000M\000E}{}% 1
\BOOKMARK [1][-]{subsection.1.0.1}{\376\377\0001\000.\0000\000.\0001\000\040\000U\001\176\000p\000i\000l\000d\000y\000m\000o\000\040\000g\000r\000e\000i\000t\000i\000s}{chapter.1}% 2
\BOOKMARK [2][-]{subsection.1.0.2}{\376\377\0001\000.\0000\000.\0002\000\040\000A\000t\000m\000i\000n\000t\000i\000e\000s\000\040\000p\000e\000r\000s\000k\000i\000r\000s\000t\000y\000m\001\163\000\040\000s\000k\000a\000i\001\015\000i\000u\000s}{subsection.1.0.1}% 3
\BOOKMARK [2][-]{subsection.1.0.3}{\376\377\0001\000.\0000\000.\0003\000\040\000P\000r\000o\000j\000e\000k\000t\000a\000s\000\040\000s\000u\000\040\000s\000t\000d\000:\000:\000v\000e\000c\000t\000o\000r\000\040\000V\000S\000\040\000V\000e\000c\000t\000o\000r}{subsection.1.0.1}% 4
\BOOKMARK [0][-]{chapter.2}{\376\377\0002\000\040\000H\000i\000e\000r\000a\000r\000c\000h\000i\000c\000a\000l\000\040\000I\000n\000d\000e\000x}{}% 5
\BOOKMARK [1][-]{section.2.1}{\376\377\0002\000.\0001\000\040\000C\000l\000a\000s\000s\000\040\000H\000i\000e\000r\000a\000r\000c\000h\000y}{chapter.2}% 6
\BOOKMARK [0][-]{chapter.3}{\376\377\0003\000\040\000C\000l\000a\000s\000s\000\040\000I\000n\000d\000e\000x}{}% 7
\BOOKMARK [1][-]{section.3.1}{\376\377\0003\000.\0001\000\040\000C\000l\000a\000s\000s\000\040\000L\000i\000s\000t}{chapter.3}% 8
\BOOKMARK [0][-]{chapter.4}{\376\377\0004\000\040\000F\000i\000l\000e\000\040\000I\000n\000d\000e\000x}{}% 9
\BOOKMARK [1][-]{section.4.1}{\376\377\0004\000.\0001\000\040\000F\000i\000l\000e\000\040\000L\000i\000s\000t}{chapter.4}% 10
\BOOKMARK [0][-]{chapter.5}{\376\377\0005\000\040\000C\000l\000a\000s\000s\000\040\000D\000o\000c\000u\000m\000e\000n\000t\000a\000t\000i\000o\000n}{}% 11
\BOOKMARK [1][-]{section.5.1}{\376\377\0005\000.\0001\000\040\000m\000o\000k\000\040\000C\000l\000a\000s\000s\000\040\000R\000e\000f\000e\000r\000e\000n\000c\000e}{chapter.5}% 12
\BOOKMARK [2][-]{subsection.5.1.1}{\376\377\0005\000.\0001\000.\0001\000\040\000D\000e\000t\000a\000i\000l\000e\000d\000\040\000D\000e\000s\000c\000r\000i\000p\000t\000i\000o\000n}{section.5.1}% 13
\BOOKMARK [2][-]{subsection.5.1.2}{\376\377\0005\000.\0001\000.\0002\000\040\000C\000o\000n\000s\000t\000r\000u\000c\000t\000o\000r\000\040\000\046\000\040\000D\000e\000s\000t\000r\000u\000c\000t\000o\000r\000\040\000D\000o\000c\000u\000m\000e\000n\000t\000a\000t\000i\000o\000n}{section.5.1}% 14
\BOOKMARK [3][-]{subsubsection.5.1.2.1}{\376\377\0005\000.\0001\000.\0002\000.\0001\000\040\000m\000o\000k\000\050\000\051\000\040\000[\0001\000/\0002\000]}{subsection.5.1.2}% 15
\BOOKMARK [3][-]{subsubsection.5.1.2.2}{\376\377\0005\000.\0001\000.\0002\000.\0002\000\040\000m\000o\000k\000\050\000\051\000\040\000[\0002\000/\0002\000]}{subsection.5.1.2}% 16
\BOOKMARK [2][-]{subsection.5.1.3}{\376\377\0005\000.\0001\000.\0003\000\040\000M\000e\000m\000b\000e\000r\000\040\000F\000u\000n\000c\000t\000i\000o\000n\000\040\000D\000o\000c\000u\000m\000e\000n\000t\000a\000t\000i\000o\000n}{section.5.1}% 17
\BOOKMARK [3][-]{subsubsection.5.1.3.1}{\376\377\0005\000.\0001\000.\0003\000.\0001\000\040\000g\000e\000t\000e\000g\000\050\000\051}{subsection.5.1.3}% 18
\BOOKMARK [3][-]{subsubsection.5.1.3.2}{\376\377\0005\000.\0001\000.\0003\000.\0002\000\040\000g\000e\000t\000g\000a\000l\000\137\000m\000e\000d\000\050\000\051}{subsection.5.1.3}% 19
\BOOKMARK [3][-]{subsubsection.5.1.3.3}{\376\377\0005\000.\0001\000.\0003\000.\0003\000\040\000g\000e\000t\000g\000a\000l\000\137\000v\000i\000d\000\050\000\051}{subsection.5.1.3}% 20
\BOOKMARK [3][-]{subsubsection.5.1.3.4}{\376\377\0005\000.\0001\000.\0003\000.\0004\000\040\000g\000e\000t\000n\000d\000\050\000\051}{subsection.5.1.3}% 21
\BOOKMARK [3][-]{subsubsection.5.1.3.5}{\376\377\0005\000.\0001\000.\0003\000.\0005\000\040\000g\000e\000t\000p\000a\000v\000\050\000\051}{subsection.5.1.3}% 22
\BOOKMARK [3][-]{subsubsection.5.1.3.6}{\376\377\0005\000.\0001\000.\0003\000.\0006\000\040\000g\000e\000t\000v\000a\000r\000\050\000\051}{subsection.5.1.3}% 23
\BOOKMARK [3][-]{subsubsection.5.1.3.7}{\376\377\0005\000.\0001\000.\0003\000.\0007\000\040\000o\000p\000e\000r\000a\000t\000o\000r\000=\000\050\000\051\000\040\000[\0001\000/\0002\000]}{subsection.5.1.3}% 24
\BOOKMARK [3][-]{subsubsection.5.1.3.8}{\376\377\0005\000.\0001\000.\0003\000.\0008\000\040\000o\000p\000e\000r\000a\000t\000o\000r\000=\000\050\000\051\000\040\000[\0002\000/\0002\000]}{subsection.5.1.3}% 25
\BOOKMARK [3][-]{subsubsection.5.1.3.9}{\376\377\0005\000.\0001\000.\0003\000.\0009\000\040\000s\000e\000t\000e\000g\000\050\000\051}{subsection.5.1.3}% 26
\BOOKMARK [3][-]{subsubsection.5.1.3.10}{\376\377\0005\000.\0001\000.\0003\000.\0001\0000\000\040\000s\000e\000t\000g\000a\000l\000\137\000m\000e\000d\000\050\000\051}{subsection.5.1.3}% 27
\BOOKMARK [3][-]{subsubsection.5.1.3.11}{\376\377\0005\000.\0001\000.\0003\000.\0001\0001\000\040\000s\000e\000t\000g\000a\000l\000\137\000v\000i\000d\000\050\000\051}{subsection.5.1.3}% 28
\BOOKMARK [3][-]{subsubsection.5.1.3.12}{\376\377\0005\000.\0001\000.\0003\000.\0001\0002\000\040\000s\000e\000t\000n\000d\000\050\000\051}{subsection.5.1.3}% 29
\BOOKMARK [3][-]{subsubsection.5.1.3.13}{\376\377\0005\000.\0001\000.\0003\000.\0001\0003\000\040\000s\000e\000t\000p\000a\000v\000\050\000\051}{subsection.5.1.3}% 30
\BOOKMARK [3][-]{subsubsection.5.1.3.14}{\376\377\0005\000.\0001\000.\0003\000.\0001\0004\000\040\000s\000e\000t\000v\000a\000r\000\050\000\051}{subsection.5.1.3}% 31
\BOOKMARK [2][-]{subsection.5.1.4}{\376\377\0005\000.\0001\000.\0004\000\040\000F\000r\000i\000e\000n\000d\000s\000\040\000A\000n\000d\000\040\000R\000e\000l\000a\000t\000e\000d\000\040\000S\000y\000m\000b\000o\000l\000\040\000D\000o\000c\000u\000m\000e\000n\000t\000a\000t\000i\000o\000n}{section.5.1}% 32
\BOOKMARK [3][-]{subsubsection.5.1.4.1}{\376\377\0005\000.\0001\000.\0004\000.\0001\000\040\000o\000p\000e\000r\000a\000t\000o\000r\000<\000<}{subsection.5.1.4}% 33
\BOOKMARK [3][-]{subsubsection.5.1.4.2}{\376\377\0005\000.\0001\000.\0004\000.\0002\000\040\000o\000p\000e\000r\000a\000t\000o\000r\000>\000>}{subsection.5.1.4}% 34
\BOOKMARK [1][-]{section.5.2}{\376\377\0005\000.\0002\000\040\000V\000e\000c\000t\000o\000r\000<\000\040\000T\000\040\000>\000\040\000C\000l\000a\000s\000s\000\040\000T\000e\000m\000p\000l\000a\000t\000e\000\040\000R\000e\000f\000e\000r\000e\000n\000c\000e}{chapter.5}% 35
\BOOKMARK [2][-]{subsection.5.2.1}{\376\377\0005\000.\0002\000.\0001\000\040\000D\000e\000t\000a\000i\000l\000e\000d\000\040\000D\000e\000s\000c\000r\000i\000p\000t\000i\000o\000n}{section.5.2}% 36
\BOOKMARK [2][-]{subsection.5.2.2}{\376\377\0005\000.\0002\000.\0002\000\040\000M\000e\000m\000b\000e\000r\000\040\000T\000y\000p\000e\000d\000e\000f\000\040\000D\000o\000c\000u\000m\000e\000n\000t\000a\000t\000i\000o\000n}{section.5.2}% 37
\BOOKMARK [3][-]{subsubsection.5.2.2.1}{\376\377\0005\000.\0002\000.\0002\000.\0001\000\040\000c\000o\000n\000s\000t\000\137\000i\000t\000e\000r\000a\000t\000o\000r}{subsection.5.2.2}% 38
\BOOKMARK [3][-]{subsubsection.5.2.2.2}{\376\377\0005\000.\0002\000.\0002\000.\0002\000\040\000c\000o\000n\000s\000t\000\137\000r\000e\000f\000e\000r\000e\000n\000c\000e}{subsection.5.2.2}% 39
\BOOKMARK [3][-]{subsubsection.5.2.2.3}{\376\377\0005\000.\0002\000.\0002\000.\0003\000\040\000i\000t\000e\000r\000a\000t\000o\000r}{subsection.5.2.2}% 40
\BOOKMARK [3][-]{subsubsection.5.2.2.4}{\376\377\0005\000.\0002\000.\0002\000.\0004\000\040\000r\000e\000f\000e\000r\000e\000n\000c\000e}{subsection.5.2.2}% 41
\BOOKMARK [3][-]{subsubsection.5.2.2.5}{\376\377\0005\000.\0002\000.\0002\000.\0005\000\040\000s\000i\000z\000e\000\137\000t\000y\000p\000e}{subsection.5.2.2}% 42
\BOOKMARK [3][-]{subsubsection.5.2.2.6}{\376\377\0005\000.\0002\000.\0002\000.\0006\000\040\000v\000a\000l\000u\000e\000\137\000t\000y\000p\000e}{subsection.5.2.2}% 43
\BOOKMARK [2][-]{subsection.5.2.3}{\376\377\0005\000.\0002\000.\0003\000\040\000C\000o\000n\000s\000t\000r\000u\000c\000t\000o\000r\000\040\000\046\000\040\000D\000e\000s\000t\000r\000u\000c\000t\000o\000r\000\040\000D\000o\000c\000u\000m\000e\000n\000t\000a\000t\000i\000o\000n}{section.5.2}% 44
\BOOKMARK [3][-]{subsubsection.5.2.3.1}{\376\377\0005\000.\0002\000.\0003\000.\0001\000\040\000V\000e\000c\000t\000o\000r\000\050\000\051\000\040\000[\0001\000/\0002\000]}{subsection.5.2.3}% 45
\BOOKMARK [3][-]{subsubsection.5.2.3.2}{\376\377\0005\000.\0002\000.\0003\000.\0002\000\040\000V\000e\000c\000t\000o\000r\000\050\000\051\000\040\000[\0002\000/\0002\000]}{subsection.5.2.3}% 46
\BOOKMARK [2][-]{subsection.5.2.4}{\376\377\0005\000.\0002\000.\0004\000\040\000M\000e\000m\000b\000e\000r\000\040\000F\000u\000n\000c\000t\000i\000o\000n\000\040\000D\000o\000c\000u\000m\000e\000n\000t\000a\000t\000i\000o\000n}{section.5.2}% 47
\BOOKMARK [3][-]{subsubsection.5.2.4.1}{\376\377\0005\000.\0002\000.\0004\000.\0001\000\040\000A\000s\000s\000i\000g\000n\000\050\000\051}{subsection.5.2.4}% 48
\BOOKMARK [3][-]{subsubsection.5.2.4.2}{\376\377\0005\000.\0002\000.\0004\000.\0002\000\040\000B\000a\000c\000k\000\050\000\051}{subsection.5.2.4}% 49
\BOOKMARK [3][-]{subsubsection.5.2.4.3}{\376\377\0005\000.\0002\000.\0004\000.\0003\000\040\000B\000e\000g\000i\000n\000\050\000\051}{subsection.5.2.4}% 50
\BOOKMARK [3][-]{subsubsection.5.2.4.4}{\376\377\0005\000.\0002\000.\0004\000.\0004\000\040\000b\000e\000g\000i\000n\000\050\000\051}{subsection.5.2.4}% 51
\BOOKMARK [3][-]{subsubsection.5.2.4.5}{\376\377\0005\000.\0002\000.\0004\000.\0005\000\040\000C\000a\000p\000a\000c\000i\000t\000y\000\050\000\051}{subsection.5.2.4}% 52
\BOOKMARK [3][-]{subsubsection.5.2.4.6}{\376\377\0005\000.\0002\000.\0004\000.\0006\000\040\000E\000n\000d\000\050\000\051}{subsection.5.2.4}% 53
\BOOKMARK [3][-]{subsubsection.5.2.4.7}{\376\377\0005\000.\0002\000.\0004\000.\0007\000\040\000e\000n\000d\000\050\000\051}{subsection.5.2.4}% 54
\BOOKMARK [3][-]{subsubsection.5.2.4.8}{\376\377\0005\000.\0002\000.\0004\000.\0008\000\040\000E\000r\000a\000s\000e\000\050\000\051\000\040\000[\0001\000/\0002\000]}{subsection.5.2.4}% 55
\BOOKMARK [3][-]{subsubsection.5.2.4.9}{\376\377\0005\000.\0002\000.\0004\000.\0009\000\040\000E\000r\000a\000s\000e\000\050\000\051\000\040\000[\0002\000/\0002\000]}{subsection.5.2.4}% 56
\BOOKMARK [3][-]{subsubsection.5.2.4.10}{\376\377\0005\000.\0002\000.\0004\000.\0001\0000\000\040\000F\000r\000o\000n\000t\000\050\000\051}{subsection.5.2.4}% 57
\BOOKMARK [3][-]{subsubsection.5.2.4.11}{\376\377\0005\000.\0002\000.\0004\000.\0001\0001\000\040\000I\000n\000s\000e\000r\000t\000\050\000\051\000\040\000[\0001\000/\0002\000]}{subsection.5.2.4}% 58
\BOOKMARK [3][-]{subsubsection.5.2.4.12}{\376\377\0005\000.\0002\000.\0004\000.\0001\0002\000\040\000I\000n\000s\000e\000r\000t\000\050\000\051\000\040\000[\0002\000/\0002\000]}{subsection.5.2.4}% 59
\BOOKMARK [3][-]{subsubsection.5.2.4.13}{\376\377\0005\000.\0002\000.\0004\000.\0001\0003\000\040\000I\000s\000E\000m\000p\000t\000y\000\050\000\051}{subsection.5.2.4}% 60
\BOOKMARK [3][-]{subsubsection.5.2.4.14}{\376\377\0005\000.\0002\000.\0004\000.\0001\0004\000\040\000M\000a\000x\000S\000i\000z\000e\000\050\000\051}{subsection.5.2.4}% 61
\BOOKMARK [3][-]{subsubsection.5.2.4.15}{\376\377\0005\000.\0002\000.\0004\000.\0001\0005\000\040\000o\000p\000e\000r\000a\000t\000o\000r\000=\000\050\000\051\000\040\000[\0001\000/\0002\000]}{subsection.5.2.4}% 62
\BOOKMARK [3][-]{subsubsection.5.2.4.16}{\376\377\0005\000.\0002\000.\0004\000.\0001\0006\000\040\000o\000p\000e\000r\000a\000t\000o\000r\000=\000\050\000\051\000\040\000[\0002\000/\0002\000]}{subsection.5.2.4}% 63
\BOOKMARK [3][-]{subsubsection.5.2.4.17}{\376\377\0005\000.\0002\000.\0004\000.\0001\0007\000\040\000o\000p\000e\000r\000a\000t\000o\000r\000[\000]\000\050\000\051\000\040\000[\0001\000/\0002\000]}{subsection.5.2.4}% 64
\BOOKMARK [3][-]{subsubsection.5.2.4.18}{\376\377\0005\000.\0002\000.\0004\000.\0001\0008\000\040\000o\000p\000e\000r\000a\000t\000o\000r\000[\000]\000\050\000\051\000\040\000[\0002\000/\0002\000]}{subsection.5.2.4}% 65
\BOOKMARK [3][-]{subsubsection.5.2.4.19}{\376\377\0005\000.\0002\000.\0004\000.\0001\0009\000\040\000P\000u\000s\000h\000B\000a\000c\000k\000\050\000\051}{subsection.5.2.4}% 66
\BOOKMARK [3][-]{subsubsection.5.2.4.20}{\376\377\0005\000.\0002\000.\0004\000.\0002\0000\000\040\000R\000e\000s\000e\000r\000v\000e\000\050\000\051}{subsection.5.2.4}% 67
\BOOKMARK [3][-]{subsubsection.5.2.4.21}{\376\377\0005\000.\0002\000.\0004\000.\0002\0001\000\040\000R\000e\000s\000i\000z\000e\000\050\000\051}{subsection.5.2.4}% 68
\BOOKMARK [3][-]{subsubsection.5.2.4.22}{\376\377\0005\000.\0002\000.\0004\000.\0002\0002\000\040\000S\000i\000z\000e\000\050\000\051}{subsection.5.2.4}% 69
\BOOKMARK [3][-]{subsubsection.5.2.4.23}{\376\377\0005\000.\0002\000.\0004\000.\0002\0003\000\040\000S\000w\000a\000p\000\050\000\051}{subsection.5.2.4}% 70
\BOOKMARK [2][-]{subsection.5.2.5}{\376\377\0005\000.\0002\000.\0005\000\040\000F\000r\000i\000e\000n\000d\000s\000\040\000A\000n\000d\000\040\000R\000e\000l\000a\000t\000e\000d\000\040\000S\000y\000m\000b\000o\000l\000\040\000D\000o\000c\000u\000m\000e\000n\000t\000a\000t\000i\000o\000n}{section.5.2}% 71
\BOOKMARK [3][-]{subsubsection.5.2.5.1}{\376\377\0005\000.\0002\000.\0005\000.\0001\000\040\000o\000p\000e\000r\000a\000t\000o\000r\000!\000=}{subsection.5.2.5}% 72
\BOOKMARK [3][-]{subsubsection.5.2.5.2}{\376\377\0005\000.\0002\000.\0005\000.\0002\000\040\000o\000p\000e\000r\000a\000t\000o\000r\000=\000=}{subsection.5.2.5}% 73
\BOOKMARK [1][-]{section.5.3}{\376\377\0005\000.\0003\000\040\000z\000m\000o\000g\000u\000s\000\040\000C\000l\000a\000s\000s\000\040\000R\000e\000f\000e\000r\000e\000n\000c\000e}{chapter.5}% 74
\BOOKMARK [2][-]{subsection.5.3.1}{\376\377\0005\000.\0003\000.\0001\000\040\000D\000e\000t\000a\000i\000l\000e\000d\000\040\000D\000e\000s\000c\000r\000i\000p\000t\000i\000o\000n}{section.5.3}% 75
\BOOKMARK [2][-]{subsection.5.3.2}{\376\377\0005\000.\0003\000.\0002\000\040\000C\000o\000n\000s\000t\000r\000u\000c\000t\000o\000r\000\040\000\046\000\040\000D\000e\000s\000t\000r\000u\000c\000t\000o\000r\000\040\000D\000o\000c\000u\000m\000e\000n\000t\000a\000t\000i\000o\000n}{section.5.3}% 76
\BOOKMARK [3][-]{subsubsection.5.3.2.1}{\376\377\0005\000.\0003\000.\0002\000.\0001\000\040\000z\000m\000o\000g\000u\000s\000\050\000\051\000\040\000[\0001\000/\0002\000]}{subsection.5.3.2}% 77
\BOOKMARK [3][-]{subsubsection.5.3.2.2}{\376\377\0005\000.\0003\000.\0002\000.\0002\000\040\000z\000m\000o\000g\000u\000s\000\050\000\051\000\040\000[\0002\000/\0002\000]}{subsection.5.3.2}% 78
\BOOKMARK [2][-]{subsection.5.3.3}{\376\377\0005\000.\0003\000.\0003\000\040\000M\000e\000m\000b\000e\000r\000\040\000F\000u\000n\000c\000t\000i\000o\000n\000\040\000D\000o\000c\000u\000m\000e\000n\000t\000a\000t\000i\000o\000n}{section.5.3}% 79
\BOOKMARK [3][-]{subsubsection.5.3.3.1}{\376\377\0005\000.\0003\000.\0003\000.\0001\000\040\000g\000e\000t\000p\000a\000v\000\050\000\051}{subsection.5.3.3}% 80
\BOOKMARK [3][-]{subsubsection.5.3.3.2}{\376\377\0005\000.\0003\000.\0003\000.\0002\000\040\000g\000e\000t\000v\000a\000r\000\050\000\051}{subsection.5.3.3}% 81
\BOOKMARK [3][-]{subsubsection.5.3.3.3}{\376\377\0005\000.\0003\000.\0003\000.\0003\000\040\000o\000p\000e\000r\000a\000t\000o\000r\000=\000\050\000\051\000\040\000[\0001\000/\0002\000]}{subsection.5.3.3}% 82
\BOOKMARK [3][-]{subsubsection.5.3.3.4}{\376\377\0005\000.\0003\000.\0003\000.\0004\000\040\000o\000p\000e\000r\000a\000t\000o\000r\000=\000\050\000\051\000\040\000[\0002\000/\0002\000]}{subsection.5.3.3}% 83
\BOOKMARK [3][-]{subsubsection.5.3.3.5}{\376\377\0005\000.\0003\000.\0003\000.\0005\000\040\000s\000e\000t\000p\000a\000v\000\050\000\051}{subsection.5.3.3}% 84
\BOOKMARK [3][-]{subsubsection.5.3.3.6}{\376\377\0005\000.\0003\000.\0003\000.\0006\000\040\000s\000e\000t\000v\000a\000r\000\050\000\051}{subsection.5.3.3}% 85
\BOOKMARK [0][-]{chapter.6}{\376\377\0006\000\040\000F\000i\000l\000e\000\040\000D\000o\000c\000u\000m\000e\000n\000t\000a\000t\000i\000o\000n}{}% 86
\BOOKMARK [1][-]{section.6.1}{\376\377\0006\000.\0001\000\040\000f\000u\000n\000k\000c\000i\000j\000o\000s\000.\000h\000\040\000F\000i\000l\000e\000\040\000R\000e\000f\000e\000r\000e\000n\000c\000e}{chapter.6}% 87
\BOOKMARK [2][-]{subsection.6.1.1}{\376\377\0006\000.\0001\000.\0001\000\040\000D\000e\000t\000a\000i\000l\000e\000d\000\040\000D\000e\000s\000c\000r\000i\000p\000t\000i\000o\000n}{section.6.1}% 88
\BOOKMARK [2][-]{subsection.6.1.2}{\376\377\0006\000.\0001\000.\0002\000\040\000F\000u\000n\000c\000t\000i\000o\000n\000\040\000D\000o\000c\000u\000m\000e\000n\000t\000a\000t\000i\000o\000n}{section.6.1}% 89
\BOOKMARK [3][-]{subsubsection.6.1.2.1}{\376\377\0006\000.\0001\000.\0002\000.\0001\000\040\000c\000a\000l\000c\000u\000l\000a\000t\000e\000R\000e\000s\000u\000l\000t\000s\000\050\000\051}{subsection.6.1.2}% 90
\BOOKMARK [3][-]{subsubsection.6.1.2.2}{\376\377\0006\000.\0001\000.\0002\000.\0002\000\040\000f\000a\000i\000l\000u\000G\000e\000n\000e\000r\000a\000v\000i\000m\000a\000s\000\050\000\051}{subsection.6.1.2}% 91
\BOOKMARK [3][-]{subsubsection.6.1.2.3}{\376\377\0006\000.\0001\000.\0002\000.\0003\000\040\000f\000a\000i\000l\000u\000N\000u\000s\000k\000a\000i\000t\000y\000m\000a\000s\000\050\000\051}{subsection.6.1.2}% 92
\BOOKMARK [3][-]{subsubsection.6.1.2.4}{\376\377\0006\000.\0001\000.\0002\000.\0004\000\040\000i\000s\000v\000a\000l\000y\000m\000a\000s\000\050\000\051}{subsection.6.1.2}% 93
\BOOKMARK [3][-]{subsubsection.6.1.2.5}{\376\377\0006\000.\0001\000.\0002\000.\0005\000\040\000i\000s\000v\000e\000d\000i\000m\000a\000s\000\050\000\051}{subsection.6.1.2}% 94
\BOOKMARK [3][-]{subsubsection.6.1.2.6}{\376\377\0006\000.\0001\000.\0002\000.\0006\000\040\000i\000v\000e\000d\000i\000m\000a\000s\000\050\000\051}{subsection.6.1.2}% 95
\BOOKMARK [3][-]{subsubsection.6.1.2.7}{\376\377\0006\000.\0001\000.\0002\000.\0007\000\040\000k\000o\000n\000t\000e\000i\000n\000e\000r\000i\000a\000i\000\050\000\051}{subsection.6.1.2}% 96
\BOOKMARK [3][-]{subsubsection.6.1.2.8}{\376\377\0006\000.\0001\000.\0002\000.\0008\000\040\000m\000e\000n\000i\000u\000\050\000\051}{subsection.6.1.2}% 97
\BOOKMARK [3][-]{subsubsection.6.1.2.9}{\376\377\0006\000.\0001\000.\0002\000.\0009\000\040\000m\000e\000n\000i\000u\000A\000n\000t\000r\000a\000s\000\050\000\051}{subsection.6.1.2}% 98
\BOOKMARK [3][-]{subsubsection.6.1.2.10}{\376\377\0006\000.\0001\000.\0002\000.\0001\0000\000\040\000p\000a\000g\000a\000l\000M\000e\000d\000i\000a\000n\000a\000\050\000\051}{subsection.6.1.2}% 99
\BOOKMARK [3][-]{subsubsection.6.1.2.11}{\376\377\0006\000.\0001\000.\0002\000.\0001\0001\000\040\000p\000a\000g\000a\000l\000P\000a\000v\000a\000r\000d\000e\000\050\000\051}{subsection.6.1.2}% 100
\BOOKMARK [3][-]{subsubsection.6.1.2.12}{\376\377\0006\000.\0001\000.\0002\000.\0001\0002\000\040\000p\000a\000g\000a\000l\000V\000a\000r\000d\000a\000\050\000\051}{subsection.6.1.2}% 101
\BOOKMARK [3][-]{subsubsection.6.1.2.13}{\376\377\0006\000.\0001\000.\0002\000.\0001\0003\000\040\000p\000a\000g\000a\000l\000V\000i\000d\000u\000r\000k\000i\000\050\000\051}{subsection.6.1.2}% 102
\BOOKMARK [3][-]{subsubsection.6.1.2.14}{\376\377\0006\000.\0001\000.\0002\000.\0001\0004\000\040\000p\000i\000r\000m\000a\000s\000P\000\050\000\051}{subsection.6.1.2}% 103
\BOOKMARK [3][-]{subsubsection.6.1.2.15}{\376\377\0006\000.\0001\000.\0002\000.\0001\0005\000\040\000r\000i\000k\000i\000a\000v\000i\000m\000a\000s\000\050\000\051}{subsection.6.1.2}% 104
\BOOKMARK [3][-]{subsubsection.6.1.2.16}{\376\377\0006\000.\0001\000.\0002\000.\0001\0006\000\040\000r\000i\000k\000i\000a\000v\000i\000m\000o\000k\000l\000a\000u\000s\000i\000m\000a\000s\000\050\000\051}{subsection.6.1.2}% 105
\BOOKMARK [3][-]{subsubsection.6.1.2.17}{\376\377\0006\000.\0001\000.\0002\000.\0001\0007\000\040\000t\000e\000s\000t\000a\000v\000i\000m\000o\000R\000e\000z\000u\000l\000t\000a\000t\000a\000i\000\050\000\051}{subsection.6.1.2}% 106
\BOOKMARK [3][-]{subsubsection.6.1.2.18}{\376\377\0006\000.\0001\000.\0002\000.\0001\0008\000\040\000t\000r\000e\000c\000i\000a\000s\000P\000\050\000\051}{subsection.6.1.2}% 107
\BOOKMARK [3][-]{subsubsection.6.1.2.19}{\376\377\0006\000.\0001\000.\0002\000.\0001\0009\000\040\000t\000r\000u\000k\000m\000e\000s\000S\000k\000a\000i\000c\000i\000a\000v\000i\000m\000a\000s\000\050\000\051}{subsection.6.1.2}% 108
\BOOKMARK [1][-]{section.6.2}{\376\377\0006\000.\0002\000\040\000f\000u\000n\000k\000c\000i\000j\000o\000s\000.\000h}{chapter.6}% 109
\BOOKMARK [1][-]{section.6.3}{\376\377\0006\000.\0003\000\040\000f\000o\000o\000.\000h}{chapter.6}% 110
\BOOKMARK [1][-]{section.6.4}{\376\377\0006\000.\0004\000\040\000f\000o\000o\000.\000h}{chapter.6}% 111
\BOOKMARK [1][-]{section.6.5}{\376\377\0006\000.\0005\000\040\000s\000t\000u\000d\000e\000n\000t\000a\000s\000.\000h\000\040\000F\000i\000l\000e\000\040\000R\000e\000f\000e\000r\000e\000n\000c\000e}{chapter.6}% 112
\BOOKMARK [2][-]{subsection.6.5.1}{\376\377\0006\000.\0005\000.\0001\000\040\000D\000e\000t\000a\000i\000l\000e\000d\000\040\000D\000e\000s\000c\000r\000i\000p\000t\000i\000o\000n}{section.6.5}% 113
\BOOKMARK [1][-]{section.6.6}{\376\377\0006\000.\0006\000\040\000s\000t\000u\000d\000e\000n\000t\000a\000s\000.\000h}{chapter.6}% 114
\BOOKMARK [1][-]{section.6.7}{\376\377\0006\000.\0007\000\040\000V\000e\000c\000t\000o\000r\000.\000h\000p\000p\000\040\000F\000i\000l\000e\000\040\000R\000e\000f\000e\000r\000e\000n\000c\000e}{chapter.6}% 115
\BOOKMARK [2][-]{subsection.6.7.1}{\376\377\0006\000.\0007\000.\0001\000\040\000D\000e\000t\000a\000i\000l\000e\000d\000\040\000D\000e\000s\000c\000r\000i\000p\000t\000i\000o\000n}{section.6.7}% 116
\BOOKMARK [1][-]{section.6.8}{\376\377\0006\000.\0008\000\040\000V\000e\000c\000t\000o\000r\000.\000h\000p\000p}{chapter.6}% 117
